d:\develop\codes\vs2013\flex_working\extensions\compiler\vc11\release\vc120.pdb
d:\develop\codes\vs2013\flex_working\cloth-water\extensions\compiler\vc11\release\vc120.pdb
d:\develop\codes\vs2013\flex_working\cloth-water\extensions\compiler\vc11\release\voxelize.obj
d:\develop\codes\vs2013\flex_working\cloth-water\extensions\compiler\vc11\release\sdf.obj
d:\develop\codes\vs2013\flex_working\cloth-water\extensions\compiler\vc11\release\platform.obj
d:\develop\codes\vs2013\flex_working\cloth-water\extensions\compiler\vc11\release\mesh.obj
d:\develop\codes\vs2013\flex_working\cloth-water\extensions\compiler\vc11\release\maths.obj
d:\develop\codes\vs2013\flex_working\cloth-water\extensions\compiler\vc11\release\core.obj
d:\develop\codes\vs2013\flex_working\cloth-water\extensions\compiler\vc11\release\aabbtree.obj
d:\develop\codes\vs2013\flex_working\lib\win32\flexextrelease_x86.lib
d:\develop\codes\vs2013\flex_working\lib\win32\flexextrelease_x86.exp
d:\develop\codes\vs2013\flex_working\cloth-water\lib\win32\flexextrelease_x86.lib
d:\develop\codes\vs2013\flex_working\cloth-water\lib\win32\flexextrelease_x86.exp
d:\develop\codes\vs2013\flex_working\bin\win32\flexextrelease_x86.dll
d:\develop\codes\vs2013\flex_working\bin\win32\flexextrelease_x86.pdb
d:\develop\codes\vs2013\flex_working\cloth-water\bin\win32\flexextrelease_x86.dll
d:\develop\codes\vs2013\flex_working\cloth-water\bin\win32\flexextrelease_x86.pdb
d:\develop\codes\vs2013\flex_working\cloth-water\extensions\compiler\vc11\..\..\..\bin\win32\flexextrelease_x86.dll
d:\develop\codes\vs2013\flex_working\cloth-water\extensions\compiler\vc11\release\flexext.tlog\cl.command.1.tlog
d:\develop\codes\vs2013\flex_working\cloth-water\extensions\compiler\vc11\release\flexext.tlog\cl.read.1.tlog
d:\develop\codes\vs2013\flex_working\cloth-water\extensions\compiler\vc11\release\flexext.tlog\cl.write.1.tlog
d:\develop\codes\vs2013\flex_working\cloth-water\extensions\compiler\vc11\release\flexext.tlog\custombuild.command.1.tlog
d:\develop\codes\vs2013\flex_working\cloth-water\extensions\compiler\vc11\release\flexext.tlog\custombuild.read.1.tlog
d:\develop\codes\vs2013\flex_working\cloth-water\extensions\compiler\vc11\release\flexext.tlog\custombuild.write.1.tlog
d:\develop\codes\vs2013\flex_working\cloth-water\extensions\compiler\vc11\release\flexext.tlog\flexext.write.1u.tlog
d:\develop\codes\vs2013\flex_working\cloth-water\extensions\compiler\vc11\release\flexext.tlog\link.command.1.tlog
d:\develop\codes\vs2013\flex_working\cloth-water\extensions\compiler\vc11\release\flexext.tlog\link.read.1.tlog
d:\develop\codes\vs2013\flex_working\cloth-water\extensions\compiler\vc11\release\flexext.tlog\link.write.1.tlog
