d:\develop\codes\vs2013\flex_working\cloth-water\demo\compiler\vc11\win32\release\vc120.pdb
d:\develop\codes\vs2013\flex_working\cloth-water\demo\compiler\vc11\win32\release\shaders.obj
d:\develop\codes\vs2013\flex_working\cloth-water\demo\compiler\vc11\win32\release\main.obj
d:\develop\codes\vs2013\flex_working\cloth-water\demo\compiler\vc11\win32\release\imguirendergl.obj
d:\develop\codes\vs2013\flex_working\cloth-water\demo\compiler\vc11\win32\release\imgui.obj
d:\develop\codes\vs2013\flex_working\cloth-water\demo\compiler\vc11\win32\release\voxelize.obj
d:\develop\codes\vs2013\flex_working\cloth-water\demo\compiler\vc11\win32\release\tga.obj
d:\develop\codes\vs2013\flex_working\cloth-water\demo\compiler\vc11\win32\release\shader.obj
d:\develop\codes\vs2013\flex_working\cloth-water\demo\compiler\vc11\win32\release\sdf.obj
d:\develop\codes\vs2013\flex_working\cloth-water\demo\compiler\vc11\win32\release\platform.obj
d:\develop\codes\vs2013\flex_working\cloth-water\demo\compiler\vc11\win32\release\pfm.obj
d:\develop\codes\vs2013\flex_working\cloth-water\demo\compiler\vc11\win32\release\perlin.obj
d:\develop\codes\vs2013\flex_working\cloth-water\demo\compiler\vc11\win32\release\mesh.obj
d:\develop\codes\vs2013\flex_working\cloth-water\demo\compiler\vc11\win32\release\maths.obj
d:\develop\codes\vs2013\flex_working\cloth-water\demo\compiler\vc11\win32\release\core.obj
d:\develop\codes\vs2013\flex_working\cloth-water\demo\compiler\vc11\win32\release\aabbtree.obj
d:\develop\codes\vs2013\flex_working\cloth-water\bin\win32\flexdemorelease.lib
d:\develop\codes\vs2013\flex_working\cloth-water\bin\win32\flexdemorelease.exp
d:\develop\codes\vs2013\flex_working\cloth-water\bin\win32\flexdemorelease.exe
d:\develop\codes\vs2013\flex_working\cloth-water\bin\win32\flexdemorelease.pdb
d:\develop\codes\vs2013\flex_working\cloth-water\demo\compiler\vc11\..\..\..\bin\win32\flexdemorelease.exe
d:\develop\codes\vs2013\flex_working\cloth-water\demo\compiler\vc11\win32\release\flexdemo.tlog\cl.command.1.tlog
d:\develop\codes\vs2013\flex_working\cloth-water\demo\compiler\vc11\win32\release\flexdemo.tlog\cl.read.1.tlog
d:\develop\codes\vs2013\flex_working\cloth-water\demo\compiler\vc11\win32\release\flexdemo.tlog\cl.write.1.tlog
d:\develop\codes\vs2013\flex_working\cloth-water\demo\compiler\vc11\win32\release\flexdemo.tlog\flexdemo.write.1u.tlog
d:\develop\codes\vs2013\flex_working\cloth-water\demo\compiler\vc11\win32\release\flexdemo.tlog\link.command.1.tlog
d:\develop\codes\vs2013\flex_working\cloth-water\demo\compiler\vc11\win32\release\flexdemo.tlog\link.read.1.tlog
d:\develop\codes\vs2013\flex_working\cloth-water\demo\compiler\vc11\win32\release\flexdemo.tlog\link.write.1.tlog
